E2E Pipeline Verification Log
==============================
Date: 2026-03-19
Target: zkl2
Unit: 2026-03-e2e-pipeline
Compiler: Rocq-Platform 9.0 (coqc)
Namespace: E2EPipeline

Compilation Order:
  1. Common.v   -- PASS (stage definitions, tactics)
  2. Spec.v     -- PASS (TLA+ translation, safety properties)
  3. Impl.v     -- PASS (Go implementation model, refinement)
  4. Refinement.v -- PASS (invariant, safety theorems)

Command:
  coqc -Q . E2EPipeline Common.v
  coqc -Q . E2EPipeline Spec.v
  coqc -Q . E2EPipeline Impl.v
  coqc -Q . E2EPipeline Refinement.v

Admitted count: 0
Axiom count: 0 (MaxRetries is a Parameter, not an Axiom)

Theorems verified:
  - valid_state_init          : valid_state spec_init
  - valid_state_step          : forall s s', valid_state s -> spec_step s s' -> valid_state s'
  - valid_state_reachable     : forall s, reachable s -> valid_state s
  - thm_pipeline_integrity    : forall s, reachable s -> pipeline_integrity s
  - thm_atomic_failure        : forall s, reachable s -> atomic_failure s
  - thm_artifact_dependency_chain : forall s, reachable s -> artifact_dependency_chain s
  - thm_monotonic_progress    : forall s, reachable s -> monotonic_progress s
  - refinement_step           : forall is is', im_max_retries is = MaxRetries -> impl_step is is' -> spec_step (map_state is) (map_state is')
  - impl_refines_spec         : (restated from Impl.v)

Verdict: ALL PASS -- Zero Admitted, zero axioms beyond the spec parameter.
