Verification Log -- StateDatabase (zkl2)
=========================================
Date: 2026-03-19
Coq Version: The Rocq Prover, version 9.0.1 (compiled with OCaml 4.14.2)
Namespace: StateDB
Target: zkl2/proofs/units/2026-03-state-database/

Compilation Results
-------------------
Common.v     : OK (0 errors, 0 warnings)
Spec.v       : OK (0 errors, 0 warnings)
Impl.v       : OK (0 errors, 0 warnings)
Refinement.v : OK (0 errors, 0 warnings)

Admitted Count: 0
Axiom Count: 0

Compilation Command:
  coqc -Q . StateDB Common.v
  coqc -Q . StateDB Spec.v
  coqc -Q . StateDB Impl.v
  coqc -Q . StateDB Refinement.v

File Statistics:
  Common.v     :  172 lines
  Spec.v       :  345 lines
  Impl.v       :  133 lines
  Refinement.v :  456 lines
  Total        : 1106 lines

Theorem/Lemma Count: 22 (all Qed, zero Admitted)

Verdict: PASS
