TLC2 Version 2.16 of 31 December 2020 (rev: cdddf55)
Running breadth-first search Model-Checking with fp 68 and seed 7016297209980881188 with 4 workers on 20 cores with 7252MB heap and 64MB offheap memory (Windows 11 10.0 amd64, Oracle Corporation 1.8.0_461 x86_64, MSBDiskFPSet, DiskStateQueue).
Parsing file C:\Users\BASSEE\Desktop\basis-network-avalanche-build-games\zkl2\specs\units\2026-03-e2e-pipeline\1-formalization\v0-analysis\experiments\E2EPipeline\_build\MC_E2EPipeline.tla
Parsing file C:\Users\BASSEE\Desktop\basis-network-avalanche-build-games\zkl2\specs\units\2026-03-e2e-pipeline\1-formalization\v0-analysis\experiments\E2EPipeline\_build\E2EPipeline.tla
Parsing file C:\Users\BASSEE\AppData\Local\Temp\TLC.tla
Parsing file C:\Users\BASSEE\AppData\Local\Temp\Integers.tla
Parsing file C:\Users\BASSEE\AppData\Local\Temp\FiniteSets.tla
Parsing file C:\Users\BASSEE\AppData\Local\Temp\Naturals.tla
Parsing file C:\Users\BASSEE\AppData\Local\Temp\Sequences.tla
Semantic processing of module Naturals
Semantic processing of module Integers
Semantic processing of module Sequences
Semantic processing of module FiniteSets
Semantic processing of module E2EPipeline
Semantic processing of module TLC
Semantic processing of module MC_E2EPipeline
Starting... (2026-03-19 11:43:59)
Warning: Declaring symmetry during liveness checking is dangerous. It might cause TLC to miss violations of the stated liveness properties. Please check liveness without symmetry defined.
(Use the -nowarning option to disable this warning.)
Implied-temporal checking--satisfiability problem has 3 branches.
Computing initial states...
Finished computing initial states: 1 distinct state generated at 2026-03-19 11:43:59.
Progress(22) at 2026-03-19 11:44:00: 9,144 states generated, 2,024 distinct states found, 0 states left on queue.
Checking 3 branches of temporal properties for the complete state space with 6072 total distinct states at (2026-03-19 11:44:00)
Finished checking temporal properties in 00s at 2026-03-19 11:44:00
Model checking completed. No error has been found.
  Estimates of the probability that TLC did not check all reachable states
  because two distinct states had the same fingerprint:
  calculated (optimistic):  val = 7.8E-13
9144 states generated, 2024 distinct states found, 0 states left on queue.
The depth of the complete state graph search is 22.
The average outdegree of the complete state graph is 1 (minimum is 0, the maximum 5 and the 95th percentile is 3).
Finished in 01s at (2026-03-19 11:44:00)
