TLC2 Version 2.16 of 31 December 2020 (rev: cdddf55)
Running breadth-first search Model-Checking with fp 26 and seed -6609292547451862211 with 4 workers on 20 cores with 7252MB heap and 64MB offheap memory (Windows 11 10.0 amd64, Oracle Corporation 1.8.0_461 x86_64, MSBDiskFPSet, DiskStateQueue).
Parsing file C:\Users\BASSEE\Desktop\basis-network-avalanche-build-games\zkl2\specs\units\2026-03-state-database\1-formalization\v0-analysis\experiments\StateDatabase\_build\MC_StateDatabase.tla
Parsing file C:\Users\BASSEE\Desktop\basis-network-avalanche-build-games\zkl2\specs\units\2026-03-state-database\1-formalization\v0-analysis\experiments\StateDatabase\_build\StateDatabase.tla
Parsing file C:\Users\BASSEE\AppData\Local\Temp\Integers.tla
Parsing file C:\Users\BASSEE\AppData\Local\Temp\FiniteSets.tla
Parsing file C:\Users\BASSEE\AppData\Local\Temp\TLC.tla
Parsing file C:\Users\BASSEE\AppData\Local\Temp\Naturals.tla
Parsing file C:\Users\BASSEE\AppData\Local\Temp\Sequences.tla
Semantic processing of module Naturals
Semantic processing of module Integers
Semantic processing of module Sequences
Semantic processing of module FiniteSets
Semantic processing of module TLC
Semantic processing of module StateDatabase
Semantic processing of module MC_StateDatabase
Starting... (2026-03-19 06:36:34)
Computing initial states...
Finished computing initial states: 1 distinct state generated at 2026-03-19 06:36:35.
Model checking completed. No error has been found.
  Estimates of the probability that TLC did not check all reachable states
  because two distinct states had the same fingerprint:
  calculated (optimistic):  val = 6.9E-13
15231 states generated, 883 distinct states found, 0 states left on queue.
The depth of the complete state graph search is 9.
The average outdegree of the complete state graph is 1 (minimum is 0, the maximum 14 and the 95th percentile is 4).
Finished in 01s at (2026-03-19 06:36:35)
